<?xml version="1.0" encoding="UTF-8"?>
<beans xmlns="http://www.springframework.org/schema/beans"
       xmlns:xsi="http://www.w3.org/2001/XMLSchema-instance"
       xmlns:context="http://www.springframework.org/schema/context"
       xmlns:jdbc="http://www.springframework.org/schema/jdbc"
       xsi:schemaLocation="http://www.springframework.org/schema/beans http://www.springframework.org/schema/beans/spring-beans.xsd
                           http://www.springframework.org/schema/context http://www.springframework.org/schema/context/spring-context.xsd
                           http://www.springframework.org/schema/jdbc http://www.springframework.org/schema/jdbc/spring-jdbc.xsd">


    <bean id="JdbcPhoneDao" class="com.es.core.model.phone.JdbcPhoneDao">
        <property name="jdbcTemplate" ref="jdbcTemplate"></property>
    </bean>
    <bean id="dataSource" class="org.springframework.jdbc.datasource.DriverManagerDataSource">
        <property name="url" value="jdbc:h2:mem:~testdb;DB_CLOSE_DELAY=-1" />
        <property name="driverClassName" value="org.h2.Driver" />
        <property name="username" value="sa" />
        <property name="password" value="" />
    </bean>

    <bean id="jdbcTemplate" class="org.springframework.jdbc.core.JdbcTemplate">
        <property name="dataSource" ref="dataSource" />
    </bean>

    <jdbc:initialize-database enabled="true" data-source="dataSource">
        <jdbc:script location="classpath:db/schema.sql" />
        <jdbc:script location="classpath:test.sql"/>
    </jdbc:initialize-database>
</beans>